<?xml version="1.0" encoding="UTF-8"?>
<!-- Generated by org.testng.reporters.JUnitReportReporter -->
<testsuite hostname="Thaos-MacBook-Pro.local" failures="0" tests="3" name="testcases.DDTest" time="2.899" errors="0" timestamp="2023-04-04T19:27:25 PDT" skipped="0">
  <testcase classname="testcases.DDTest" name="createUser" time="1.954"/>
  <system-out/>
  <testcase classname="testcases.DDTest" name="createUser" time="0.481"/>
  <system-out/>
  <testcase classname="testcases.DDTest" name="createUser" time="0.464"/>
  <system-out/>
</testsuite> <!-- testcases.DDTest -->
